<testsuite name="Mocha Tests" tests="1" failures="0" errors="0" skipped="0" timestamp="Tue, 26 Apr 2016 06:39:56 GMT" time="0.034">
<testcase classname="GET /" name="respond with hello world" time="0.03"/>
</testsuite>
